[0.019s] Invoking command in '/home/praveen/ros2_bot/build/my_robot_description': CMAKE_PREFIX_PATH=${CMAKE_PREFIX_PATH}:/home/praveen/turtlesim_project/install/turtle_catch_them_all:/opt/ros/humble /usr/bin/cmake /home/praveen/ros2_bot/src/my_robot_description -DCMAKE_INSTALL_PREFIX=/home/praveen/ros2_bot/install/my_robot_description
[0.099s] -- The C compiler identification is GNU 11.4.0
[0.167s] -- The CXX compiler identification is GNU 11.4.0
[0.176s] -- Detecting C compiler ABI info
[0.252s] -- Detecting C compiler ABI info - done
[0.257s] -- Check for working C compiler: /usr/bin/cc - skipped
[0.258s] -- Detecting C compile features
[0.258s] -- Detecting C compile features - done
[0.261s] -- Detecting CXX compiler ABI info
[0.345s] -- Detecting CXX compiler ABI info - done
[0.350s] -- Check for working CXX compiler: /usr/bin/c++ - skipped
[0.351s] -- Detecting CXX compile features
[0.351s] -- Detecting CXX compile features - done
[0.354s] -- Found ament_cmake: 1.3.9 (/opt/ros/humble/share/ament_cmake/cmake)
[0.482s] -- Found Python3: /usr/bin/python3 (found version "3.10.12") found components: Interpreter 
[0.618s] -- Configuring done
[0.620s] -- Generating done
[0.621s] -- Build files have been written to: /home/praveen/ros2_bot/build/my_robot_description
[0.626s] Invoked command in '/home/praveen/ros2_bot/build/my_robot_description' returned '0': CMAKE_PREFIX_PATH=${CMAKE_PREFIX_PATH}:/home/praveen/turtlesim_project/install/turtle_catch_them_all:/opt/ros/humble /usr/bin/cmake /home/praveen/ros2_bot/src/my_robot_description -DCMAKE_INSTALL_PREFIX=/home/praveen/ros2_bot/install/my_robot_description
[0.629s] Invoking command in '/home/praveen/ros2_bot/build/my_robot_description': CMAKE_PREFIX_PATH=${CMAKE_PREFIX_PATH}:/home/praveen/turtlesim_project/install/turtle_catch_them_all:/opt/ros/humble /usr/bin/cmake --build /home/praveen/ros2_bot/build/my_robot_description -- -j12 -l12
[0.671s] Invoked command in '/home/praveen/ros2_bot/build/my_robot_description' returned '0': CMAKE_PREFIX_PATH=${CMAKE_PREFIX_PATH}:/home/praveen/turtlesim_project/install/turtle_catch_them_all:/opt/ros/humble /usr/bin/cmake --build /home/praveen/ros2_bot/build/my_robot_description -- -j12 -l12
[0.708s] Invoking command in '/home/praveen/ros2_bot/build/my_robot_description': CMAKE_PREFIX_PATH=${CMAKE_PREFIX_PATH}:/home/praveen/turtlesim_project/install/turtle_catch_them_all:/opt/ros/humble /usr/bin/cmake --install /home/praveen/ros2_bot/build/my_robot_description
[0.716s] -- Install configuration: ""
[0.716s] -- Installing: /home/praveen/ros2_bot/install/my_robot_description/share/my_robot_description/urdf
[0.716s] -- Installing: /home/praveen/ros2_bot/install/my_robot_description/share/my_robot_description/urdf/my_robot_urdf.urdf
[0.716s] -- Installing: /home/praveen/ros2_bot/install/my_robot_description/share/ament_index/resource_index/package_run_dependencies/my_robot_description
[0.716s] -- Installing: /home/praveen/ros2_bot/install/my_robot_description/share/ament_index/resource_index/parent_prefix_path/my_robot_description
[0.717s] -- Installing: /home/praveen/ros2_bot/install/my_robot_description/share/my_robot_description/environment/ament_prefix_path.sh
[0.717s] -- Installing: /home/praveen/ros2_bot/install/my_robot_description/share/my_robot_description/environment/ament_prefix_path.dsv
[0.717s] -- Installing: /home/praveen/ros2_bot/install/my_robot_description/share/my_robot_description/environment/path.sh
[0.717s] -- Installing: /home/praveen/ros2_bot/install/my_robot_description/share/my_robot_description/environment/path.dsv
[0.717s] -- Installing: /home/praveen/ros2_bot/install/my_robot_description/share/my_robot_description/local_setup.bash
[0.717s] -- Installing: /home/praveen/ros2_bot/install/my_robot_description/share/my_robot_description/local_setup.sh
[0.717s] -- Installing: /home/praveen/ros2_bot/install/my_robot_description/share/my_robot_description/local_setup.zsh
[0.718s] -- Installing: /home/praveen/ros2_bot/install/my_robot_description/share/my_robot_description/local_setup.dsv
[0.718s] -- Installing: /home/praveen/ros2_bot/install/my_robot_description/share/my_robot_description/package.dsv
[0.718s] -- Installing: /home/praveen/ros2_bot/install/my_robot_description/share/ament_index/resource_index/packages/my_robot_description
[0.718s] -- Installing: /home/praveen/ros2_bot/install/my_robot_description/share/my_robot_description/cmake/my_robot_descriptionConfig.cmake
[0.718s] -- Installing: /home/praveen/ros2_bot/install/my_robot_description/share/my_robot_description/cmake/my_robot_descriptionConfig-version.cmake
[0.718s] -- Installing: /home/praveen/ros2_bot/install/my_robot_description/share/my_robot_description/package.xml
[0.720s] Invoked command in '/home/praveen/ros2_bot/build/my_robot_description' returned '0': CMAKE_PREFIX_PATH=${CMAKE_PREFIX_PATH}:/home/praveen/turtlesim_project/install/turtle_catch_them_all:/opt/ros/humble /usr/bin/cmake --install /home/praveen/ros2_bot/build/my_robot_description
