[0.010s] Invoking command in '/home/praveen/ros2_bot/build/my_robot_description': CMAKE_PREFIX_PATH=${CMAKE_PREFIX_PATH}:/home/praveen/turtlesim_project/install/turtle_catch_them_all:/opt/ros/humble /usr/bin/cmake /home/praveen/ros2_bot/src/my_robot_description -DAMENT_CMAKE_SYMLINK_INSTALL=1 -DCMAKE_INSTALL_PREFIX=/home/praveen/ros2_bot/install/my_robot_description
[0.022s] -- Found ament_cmake: 1.3.9 (/opt/ros/humble/share/ament_cmake/cmake)
[0.119s] -- Override CMake install command with custom implementation using symlinks instead of copying resources
[0.176s] -- Configuring done
[0.179s] -- Generating done
[0.180s] -- Build files have been written to: /home/praveen/ros2_bot/build/my_robot_description
[0.183s] Invoked command in '/home/praveen/ros2_bot/build/my_robot_description' returned '0': CMAKE_PREFIX_PATH=${CMAKE_PREFIX_PATH}:/home/praveen/turtlesim_project/install/turtle_catch_them_all:/opt/ros/humble /usr/bin/cmake /home/praveen/ros2_bot/src/my_robot_description -DAMENT_CMAKE_SYMLINK_INSTALL=1 -DCMAKE_INSTALL_PREFIX=/home/praveen/ros2_bot/install/my_robot_description
[0.186s] Invoking command in '/home/praveen/ros2_bot/build/my_robot_description': CMAKE_PREFIX_PATH=${CMAKE_PREFIX_PATH}:/home/praveen/turtlesim_project/install/turtle_catch_them_all:/opt/ros/humble /usr/bin/cmake --build /home/praveen/ros2_bot/build/my_robot_description -- -j12 -l12
[0.228s] Invoked command in '/home/praveen/ros2_bot/build/my_robot_description' returned '0': CMAKE_PREFIX_PATH=${CMAKE_PREFIX_PATH}:/home/praveen/turtlesim_project/install/turtle_catch_them_all:/opt/ros/humble /usr/bin/cmake --build /home/praveen/ros2_bot/build/my_robot_description -- -j12 -l12
[0.269s] Invoking command in '/home/praveen/ros2_bot/build/my_robot_description': CMAKE_PREFIX_PATH=${CMAKE_PREFIX_PATH}:/home/praveen/turtlesim_project/install/turtle_catch_them_all:/opt/ros/humble /usr/bin/cmake --install /home/praveen/ros2_bot/build/my_robot_description
[0.277s] -- Install configuration: ""
[0.277s] -- Execute custom install script
[0.277s] -- Up-to-date symlink: /home/praveen/ros2_bot/install/my_robot_description/share/my_robot_description/urdf/my_robot_urdf.urdf
[0.278s] -- Up-to-date symlink: /home/praveen/ros2_bot/install/my_robot_description/share/my_robot_description/launch/display.launch.py
[0.278s] -- Up-to-date symlink: /home/praveen/ros2_bot/install/my_robot_description/share/my_robot_description/launch/display.launch.xml
[0.278s] -- Up-to-date symlink: /home/praveen/ros2_bot/install/my_robot_description/share/ament_index/resource_index/package_run_dependencies/my_robot_description
[0.278s] -- Up-to-date symlink: /home/praveen/ros2_bot/install/my_robot_description/share/ament_index/resource_index/parent_prefix_path/my_robot_description
[0.278s] -- Up-to-date symlink: /home/praveen/ros2_bot/install/my_robot_description/share/my_robot_description/environment/ament_prefix_path.sh
[0.278s] -- Up-to-date symlink: /home/praveen/ros2_bot/install/my_robot_description/share/my_robot_description/environment/ament_prefix_path.dsv
[0.278s] -- Up-to-date symlink: /home/praveen/ros2_bot/install/my_robot_description/share/my_robot_description/environment/path.sh
[0.279s] -- Up-to-date symlink: /home/praveen/ros2_bot/install/my_robot_description/share/my_robot_description/environment/path.dsv
[0.279s] -- Up-to-date symlink: /home/praveen/ros2_bot/install/my_robot_description/share/my_robot_description/local_setup.bash
[0.279s] -- Up-to-date symlink: /home/praveen/ros2_bot/install/my_robot_description/share/my_robot_description/local_setup.sh
[0.279s] -- Up-to-date symlink: /home/praveen/ros2_bot/install/my_robot_description/share/my_robot_description/local_setup.zsh
[0.279s] -- Up-to-date symlink: /home/praveen/ros2_bot/install/my_robot_description/share/my_robot_description/local_setup.dsv
[0.279s] -- Symlinking: /home/praveen/ros2_bot/install/my_robot_description/share/my_robot_description/package.dsv
[0.289s] -- Up-to-date symlink: /home/praveen/ros2_bot/install/my_robot_description/share/ament_index/resource_index/packages/my_robot_description
[0.289s] -- Up-to-date symlink: /home/praveen/ros2_bot/install/my_robot_description/share/my_robot_description/cmake/my_robot_descriptionConfig.cmake
[0.289s] -- Up-to-date symlink: /home/praveen/ros2_bot/install/my_robot_description/share/my_robot_description/cmake/my_robot_descriptionConfig-version.cmake
[0.289s] -- Up-to-date symlink: /home/praveen/ros2_bot/install/my_robot_description/share/my_robot_description/package.xml
[0.292s] Invoked command in '/home/praveen/ros2_bot/build/my_robot_description' returned '0': CMAKE_PREFIX_PATH=${CMAKE_PREFIX_PATH}:/home/praveen/turtlesim_project/install/turtle_catch_them_all:/opt/ros/humble /usr/bin/cmake --install /home/praveen/ros2_bot/build/my_robot_description
