[0.011s] Invoking command in '/home/praveen/ros2_bot/build/my_robot_description': CMAKE_PREFIX_PATH=${CMAKE_PREFIX_PATH}:/home/praveen/turtlesim_project/install/turtle_catch_them_all:/opt/ros/humble /usr/bin/cmake /home/praveen/ros2_bot/src/my_robot_description -DCMAKE_INSTALL_PREFIX=/home/praveen/ros2_bot/install/my_robot_description
[0.032s] -- Found ament_cmake: 1.3.9 (/opt/ros/humble/share/ament_cmake/cmake)
[0.141s] -- Override CMake install command with custom implementation using symlinks instead of copying resources
[0.209s] -- Configuring done
[0.214s] -- Generating done
[0.214s] -- Build files have been written to: /home/praveen/ros2_bot/build/my_robot_description
[0.218s] Invoked command in '/home/praveen/ros2_bot/build/my_robot_description' returned '0': CMAKE_PREFIX_PATH=${CMAKE_PREFIX_PATH}:/home/praveen/turtlesim_project/install/turtle_catch_them_all:/opt/ros/humble /usr/bin/cmake /home/praveen/ros2_bot/src/my_robot_description -DCMAKE_INSTALL_PREFIX=/home/praveen/ros2_bot/install/my_robot_description
[0.220s] Invoking command in '/home/praveen/ros2_bot/build/my_robot_description': CMAKE_PREFIX_PATH=${CMAKE_PREFIX_PATH}:/home/praveen/turtlesim_project/install/turtle_catch_them_all:/opt/ros/humble /usr/bin/cmake --build /home/praveen/ros2_bot/build/my_robot_description -- -j12 -l12
[0.263s] Invoked command in '/home/praveen/ros2_bot/build/my_robot_description' returned '0': CMAKE_PREFIX_PATH=${CMAKE_PREFIX_PATH}:/home/praveen/turtlesim_project/install/turtle_catch_them_all:/opt/ros/humble /usr/bin/cmake --build /home/praveen/ros2_bot/build/my_robot_description -- -j12 -l12
[0.300s] Invoking command in '/home/praveen/ros2_bot/build/my_robot_description': CMAKE_PREFIX_PATH=${CMAKE_PREFIX_PATH}:/home/praveen/turtlesim_project/install/turtle_catch_them_all:/opt/ros/humble /usr/bin/cmake --install /home/praveen/ros2_bot/build/my_robot_description
[0.308s] -- Install configuration: ""
[0.309s] -- Execute custom install script
[0.309s] -- Up-to-date symlink: /home/praveen/ros2_bot/install/my_robot_description/share/my_robot_description/urdf/my_robot_urdf.urdf
[0.309s] -- Symlinking: /home/praveen/ros2_bot/install/my_robot_description/share/my_robot_description/launch/display.launch.py
[0.319s] -- Up-to-date symlink: /home/praveen/ros2_bot/install/my_robot_description/share/my_robot_description/launch/display.launch.xml
[0.319s] -- Up-to-date symlink: /home/praveen/ros2_bot/install/my_robot_description/share/ament_index/resource_index/package_run_dependencies/my_robot_description
[0.320s] -- Up-to-date symlink: /home/praveen/ros2_bot/install/my_robot_description/share/ament_index/resource_index/parent_prefix_path/my_robot_description
[0.320s] -- Up-to-date symlink: /home/praveen/ros2_bot/install/my_robot_description/share/my_robot_description/environment/ament_prefix_path.sh
[0.320s] -- Up-to-date symlink: /home/praveen/ros2_bot/install/my_robot_description/share/my_robot_description/environment/ament_prefix_path.dsv
[0.320s] -- Up-to-date symlink: /home/praveen/ros2_bot/install/my_robot_description/share/my_robot_description/environment/path.sh
[0.320s] -- Up-to-date symlink: /home/praveen/ros2_bot/install/my_robot_description/share/my_robot_description/environment/path.dsv
[0.321s] -- Up-to-date symlink: /home/praveen/ros2_bot/install/my_robot_description/share/my_robot_description/local_setup.bash
[0.321s] -- Up-to-date symlink: /home/praveen/ros2_bot/install/my_robot_description/share/my_robot_description/local_setup.sh
[0.321s] -- Up-to-date symlink: /home/praveen/ros2_bot/install/my_robot_description/share/my_robot_description/local_setup.zsh
[0.321s] -- Up-to-date symlink: /home/praveen/ros2_bot/install/my_robot_description/share/my_robot_description/local_setup.dsv
[0.321s] -- Symlinking: /home/praveen/ros2_bot/install/my_robot_description/share/my_robot_description/package.dsv
[0.330s] -- Up-to-date symlink: /home/praveen/ros2_bot/install/my_robot_description/share/ament_index/resource_index/packages/my_robot_description
[0.331s] -- Up-to-date symlink: /home/praveen/ros2_bot/install/my_robot_description/share/my_robot_description/cmake/my_robot_descriptionConfig.cmake
[0.331s] -- Up-to-date symlink: /home/praveen/ros2_bot/install/my_robot_description/share/my_robot_description/cmake/my_robot_descriptionConfig-version.cmake
[0.331s] -- Up-to-date symlink: /home/praveen/ros2_bot/install/my_robot_description/share/my_robot_description/package.xml
[0.333s] Invoked command in '/home/praveen/ros2_bot/build/my_robot_description' returned '0': CMAKE_PREFIX_PATH=${CMAKE_PREFIX_PATH}:/home/praveen/turtlesim_project/install/turtle_catch_them_all:/opt/ros/humble /usr/bin/cmake --install /home/praveen/ros2_bot/build/my_robot_description
