-- Found ament_cmake: 1.3.9 (/opt/ros/humble/share/ament_cmake/cmake)
-- Override CMake install command with custom implementation using symlinks instead of copying resources
-- Configuring done
-- Generating done
-- Build files have been written to: /home/praveen/ros2_bot/build/my_robot_description
-- Install configuration: ""
-- Execute custom install script
-- Up-to-date symlink: /home/praveen/ros2_bot/install/my_robot_description/share/my_robot_description/urdf/my_robot_urdf.urdf
-- Up-to-date symlink: /home/praveen/ros2_bot/install/my_robot_description/share/my_robot_description/launch/display.launch.py
-- Up-to-date symlink: /home/praveen/ros2_bot/install/my_robot_description/share/my_robot_description/launch/display.launch.xml
-- Symlinking: /home/praveen/ros2_bot/install/my_robot_description/share/my_robot_description/rviz/urdf_config.rviz
-- Up-to-date symlink: /home/praveen/ros2_bot/install/my_robot_description/share/ament_index/resource_index/package_run_dependencies/my_robot_description
-- Up-to-date symlink: /home/praveen/ros2_bot/install/my_robot_description/share/ament_index/resource_index/parent_prefix_path/my_robot_description
-- Up-to-date symlink: /home/praveen/ros2_bot/install/my_robot_description/share/my_robot_description/environment/ament_prefix_path.sh
-- Up-to-date symlink: /home/praveen/ros2_bot/install/my_robot_description/share/my_robot_description/environment/ament_prefix_path.dsv
-- Up-to-date symlink: /home/praveen/ros2_bot/install/my_robot_description/share/my_robot_description/environment/path.sh
-- Up-to-date symlink: /home/praveen/ros2_bot/install/my_robot_description/share/my_robot_description/environment/path.dsv
-- Up-to-date symlink: /home/praveen/ros2_bot/install/my_robot_description/share/my_robot_description/local_setup.bash
-- Up-to-date symlink: /home/praveen/ros2_bot/install/my_robot_description/share/my_robot_description/local_setup.sh
-- Up-to-date symlink: /home/praveen/ros2_bot/install/my_robot_description/share/my_robot_description/local_setup.zsh
-- Up-to-date symlink: /home/praveen/ros2_bot/install/my_robot_description/share/my_robot_description/local_setup.dsv
-- Symlinking: /home/praveen/ros2_bot/install/my_robot_description/share/my_robot_description/package.dsv
-- Up-to-date symlink: /home/praveen/ros2_bot/install/my_robot_description/share/ament_index/resource_index/packages/my_robot_description
-- Up-to-date symlink: /home/praveen/ros2_bot/install/my_robot_description/share/my_robot_description/cmake/my_robot_descriptionConfig.cmake
-- Up-to-date symlink: /home/praveen/ros2_bot/install/my_robot_description/share/my_robot_description/cmake/my_robot_descriptionConfig-version.cmake
-- Up-to-date symlink: /home/praveen/ros2_bot/install/my_robot_description/share/my_robot_description/package.xml
