[0.010s] Invoking command in '/home/praveen/ros2_bot/build/my_robot_description': CMAKE_PREFIX_PATH=${CMAKE_PREFIX_PATH}:/home/praveen/turtlesim_project/install/turtle_catch_them_all:/opt/ros/humble /usr/bin/cmake --build /home/praveen/ros2_bot/build/my_robot_description -- -j12 -l12
[0.035s] -- Found ament_cmake: 1.3.9 (/opt/ros/humble/share/ament_cmake/cmake)
[0.131s] -- Override CMake install command with custom implementation using symlinks instead of copying resources
[0.188s] -- Configuring done
[0.191s] -- Generating done
[0.192s] -- Build files have been written to: /home/praveen/ros2_bot/build/my_robot_description
[0.218s] Invoked command in '/home/praveen/ros2_bot/build/my_robot_description' returned '0': CMAKE_PREFIX_PATH=${CMAKE_PREFIX_PATH}:/home/praveen/turtlesim_project/install/turtle_catch_them_all:/opt/ros/humble /usr/bin/cmake --build /home/praveen/ros2_bot/build/my_robot_description -- -j12 -l12
[0.253s] Invoking command in '/home/praveen/ros2_bot/build/my_robot_description': CMAKE_PREFIX_PATH=${CMAKE_PREFIX_PATH}:/home/praveen/turtlesim_project/install/turtle_catch_them_all:/opt/ros/humble /usr/bin/cmake --install /home/praveen/ros2_bot/build/my_robot_description
[0.261s] -- Install configuration: ""
[0.262s] -- Execute custom install script
[0.262s] -- Up-to-date symlink: /home/praveen/ros2_bot/install/my_robot_description/share/my_robot_description/urdf/my_robot_urdf.urdf
[0.262s] -- Up-to-date symlink: /home/praveen/ros2_bot/install/my_robot_description/share/my_robot_description/launch/display.launch.py
[0.262s] -- Up-to-date symlink: /home/praveen/ros2_bot/install/my_robot_description/share/my_robot_description/launch/display.launch.xml
[0.262s] -- Symlinking: /home/praveen/ros2_bot/install/my_robot_description/share/my_robot_description/rviz/urdf_config.rviz
[0.272s] -- Up-to-date symlink: /home/praveen/ros2_bot/install/my_robot_description/share/ament_index/resource_index/package_run_dependencies/my_robot_description
[0.272s] -- Up-to-date symlink: /home/praveen/ros2_bot/install/my_robot_description/share/ament_index/resource_index/parent_prefix_path/my_robot_description
[0.272s] -- Up-to-date symlink: /home/praveen/ros2_bot/install/my_robot_description/share/my_robot_description/environment/ament_prefix_path.sh
[0.272s] -- Up-to-date symlink: /home/praveen/ros2_bot/install/my_robot_description/share/my_robot_description/environment/ament_prefix_path.dsv
[0.272s] -- Up-to-date symlink: /home/praveen/ros2_bot/install/my_robot_description/share/my_robot_description/environment/path.sh
[0.273s] -- Up-to-date symlink: /home/praveen/ros2_bot/install/my_robot_description/share/my_robot_description/environment/path.dsv
[0.273s] -- Up-to-date symlink: /home/praveen/ros2_bot/install/my_robot_description/share/my_robot_description/local_setup.bash
[0.273s] -- Up-to-date symlink: /home/praveen/ros2_bot/install/my_robot_description/share/my_robot_description/local_setup.sh
[0.273s] -- Up-to-date symlink: /home/praveen/ros2_bot/install/my_robot_description/share/my_robot_description/local_setup.zsh
[0.273s] -- Up-to-date symlink: /home/praveen/ros2_bot/install/my_robot_description/share/my_robot_description/local_setup.dsv
[0.273s] -- Symlinking: /home/praveen/ros2_bot/install/my_robot_description/share/my_robot_description/package.dsv
[0.282s] -- Up-to-date symlink: /home/praveen/ros2_bot/install/my_robot_description/share/ament_index/resource_index/packages/my_robot_description
[0.283s] -- Up-to-date symlink: /home/praveen/ros2_bot/install/my_robot_description/share/my_robot_description/cmake/my_robot_descriptionConfig.cmake
[0.283s] -- Up-to-date symlink: /home/praveen/ros2_bot/install/my_robot_description/share/my_robot_description/cmake/my_robot_descriptionConfig-version.cmake
[0.283s] -- Up-to-date symlink: /home/praveen/ros2_bot/install/my_robot_description/share/my_robot_description/package.xml
[0.285s] Invoked command in '/home/praveen/ros2_bot/build/my_robot_description' returned '0': CMAKE_PREFIX_PATH=${CMAKE_PREFIX_PATH}:/home/praveen/turtlesim_project/install/turtle_catch_them_all:/opt/ros/humble /usr/bin/cmake --install /home/praveen/ros2_bot/build/my_robot_description
