[0.096s] DEBUG:colcon:Command line arguments: ['/usr/bin/colcon', 'list', '-p', '--base-paths', '/home/praveen/ros2_bot']
[0.096s] DEBUG:colcon:Parsed command line arguments: Namespace(log_base=None, log_level=None, verb_name='list', build_base='build', ignore_user_meta=False, metas=['./colcon.meta'], base_paths=['/home/praveen/ros2_bot'], packages_ignore=None, packages_ignore_regex=None, paths=None, packages_up_to=None, packages_up_to_regex=None, packages_above=None, packages_above_and_dependencies=None, packages_above_depth=None, packages_select_by_dep=None, packages_skip_by_dep=None, packages_skip_up_to=None, packages_select_build_failed=False, packages_skip_build_finished=False, packages_select_test_failures=False, packages_skip_test_passed=False, packages_select=None, packages_skip=None, packages_select_regex=None, packages_skip_regex=None, packages_start=None, packages_end=None, allow_overriding=[], topological_order=False, names_only=False, paths_only=True, topological_graph=False, topological_graph_dot=False, topological_graph_density=False, topological_graph_legend=False, topological_graph_dot_cluster=False, topological_graph_dot_include_skipped=False, verb_parser=<colcon_defaults.argument_parser.defaults.DefaultArgumentsDecorator object at 0x70176bcd0be0>, verb_extension=<colcon_package_information.verb.list.ListVerb object at 0x70176be39150>, main=<bound method ListVerb.main of <colcon_package_information.verb.list.ListVerb object at 0x70176be39150>>)
[0.250s] Level 1:colcon.colcon_core.package_discovery:discover_packages(colcon_meta) check parameters
[0.251s] Level 1:colcon.colcon_core.package_discovery:discover_packages(recursive) check parameters
[0.251s] Level 1:colcon.colcon_core.package_discovery:discover_packages(ignore) check parameters
[0.251s] Level 1:colcon.colcon_core.package_discovery:discover_packages(path) check parameters
[0.251s] Level 1:colcon.colcon_core.package_discovery:discover_packages(recursive) discover
[0.251s] INFO:colcon.colcon_core.package_discovery:Crawling recursively for packages in '/home/praveen/ros2_bot'
[0.251s] Level 1:colcon.colcon_core.package_identification:_identify(/home/praveen/ros2_bot) by extensions ['ignore', 'ignore_ament_install']
[0.251s] Level 1:colcon.colcon_core.package_identification:_identify(/home/praveen/ros2_bot) by extension 'ignore'
[0.251s] Level 1:colcon.colcon_core.package_identification:_identify(/home/praveen/ros2_bot) by extension 'ignore_ament_install'
[0.251s] Level 1:colcon.colcon_core.package_identification:_identify(/home/praveen/ros2_bot) by extensions ['colcon_pkg']
[0.251s] Level 1:colcon.colcon_core.package_identification:_identify(/home/praveen/ros2_bot) by extension 'colcon_pkg'
[0.251s] Level 1:colcon.colcon_core.package_identification:_identify(/home/praveen/ros2_bot) by extensions ['colcon_meta']
[0.251s] Level 1:colcon.colcon_core.package_identification:_identify(/home/praveen/ros2_bot) by extension 'colcon_meta'
[0.251s] Level 1:colcon.colcon_core.package_identification:_identify(/home/praveen/ros2_bot) by extensions ['ros']
[0.251s] Level 1:colcon.colcon_core.package_identification:_identify(/home/praveen/ros2_bot) by extension 'ros'
[0.262s] Level 1:colcon.colcon_core.package_identification:_identify(/home/praveen/ros2_bot) by extensions ['cmake', 'python']
[0.262s] Level 1:colcon.colcon_core.package_identification:_identify(/home/praveen/ros2_bot) by extension 'cmake'
[0.262s] Level 1:colcon.colcon_core.package_identification:_identify(/home/praveen/ros2_bot) by extension 'python'
[0.262s] Level 1:colcon.colcon_core.package_identification:_identify(/home/praveen/ros2_bot) by extensions ['python_setup_py']
[0.262s] Level 1:colcon.colcon_core.package_identification:_identify(/home/praveen/ros2_bot) by extension 'python_setup_py'
[0.262s] Level 1:colcon.colcon_core.package_identification:_identify(/home/praveen/ros2_bot/build) by extensions ['ignore', 'ignore_ament_install']
[0.262s] Level 1:colcon.colcon_core.package_identification:_identify(/home/praveen/ros2_bot/build) by extension 'ignore'
[0.262s] Level 1:colcon.colcon_core.package_identification:_identify(/home/praveen/ros2_bot/build) ignored
[0.262s] Level 1:colcon.colcon_core.package_identification:_identify(/home/praveen/ros2_bot/install) by extensions ['ignore', 'ignore_ament_install']
[0.262s] Level 1:colcon.colcon_core.package_identification:_identify(/home/praveen/ros2_bot/install) by extension 'ignore'
[0.262s] Level 1:colcon.colcon_core.package_identification:_identify(/home/praveen/ros2_bot/install) ignored
[0.263s] Level 1:colcon.colcon_core.package_identification:_identify(/home/praveen/ros2_bot/log) by extensions ['ignore', 'ignore_ament_install']
[0.263s] Level 1:colcon.colcon_core.package_identification:_identify(/home/praveen/ros2_bot/log) by extension 'ignore'
[0.263s] Level 1:colcon.colcon_core.package_identification:_identify(/home/praveen/ros2_bot/log) ignored
[0.263s] Level 1:colcon.colcon_core.package_identification:_identify(/home/praveen/ros2_bot/src) by extensions ['ignore', 'ignore_ament_install']
[0.263s] Level 1:colcon.colcon_core.package_identification:_identify(/home/praveen/ros2_bot/src) by extension 'ignore'
[0.263s] Level 1:colcon.colcon_core.package_identification:_identify(/home/praveen/ros2_bot/src) by extension 'ignore_ament_install'
[0.263s] Level 1:colcon.colcon_core.package_identification:_identify(/home/praveen/ros2_bot/src) by extensions ['colcon_pkg']
[0.263s] Level 1:colcon.colcon_core.package_identification:_identify(/home/praveen/ros2_bot/src) by extension 'colcon_pkg'
[0.263s] Level 1:colcon.colcon_core.package_identification:_identify(/home/praveen/ros2_bot/src) by extensions ['colcon_meta']
[0.263s] Level 1:colcon.colcon_core.package_identification:_identify(/home/praveen/ros2_bot/src) by extension 'colcon_meta'
[0.263s] Level 1:colcon.colcon_core.package_identification:_identify(/home/praveen/ros2_bot/src) by extensions ['ros']
[0.263s] Level 1:colcon.colcon_core.package_identification:_identify(/home/praveen/ros2_bot/src) by extension 'ros'
[0.263s] Level 1:colcon.colcon_core.package_identification:_identify(/home/praveen/ros2_bot/src) by extensions ['cmake', 'python']
[0.263s] Level 1:colcon.colcon_core.package_identification:_identify(/home/praveen/ros2_bot/src) by extension 'cmake'
[0.263s] Level 1:colcon.colcon_core.package_identification:_identify(/home/praveen/ros2_bot/src) by extension 'python'
[0.263s] Level 1:colcon.colcon_core.package_identification:_identify(/home/praveen/ros2_bot/src) by extensions ['python_setup_py']
[0.263s] Level 1:colcon.colcon_core.package_identification:_identify(/home/praveen/ros2_bot/src) by extension 'python_setup_py'
[0.263s] Level 1:colcon.colcon_core.package_identification:_identify(/home/praveen/ros2_bot/src/my_robot_bringup) by extensions ['ignore', 'ignore_ament_install']
[0.263s] Level 1:colcon.colcon_core.package_identification:_identify(/home/praveen/ros2_bot/src/my_robot_bringup) by extension 'ignore'
[0.264s] Level 1:colcon.colcon_core.package_identification:_identify(/home/praveen/ros2_bot/src/my_robot_bringup) by extension 'ignore_ament_install'
[0.264s] Level 1:colcon.colcon_core.package_identification:_identify(/home/praveen/ros2_bot/src/my_robot_bringup) by extensions ['colcon_pkg']
[0.264s] Level 1:colcon.colcon_core.package_identification:_identify(/home/praveen/ros2_bot/src/my_robot_bringup) by extension 'colcon_pkg'
[0.264s] Level 1:colcon.colcon_core.package_identification:_identify(/home/praveen/ros2_bot/src/my_robot_bringup) by extensions ['colcon_meta']
[0.264s] Level 1:colcon.colcon_core.package_identification:_identify(/home/praveen/ros2_bot/src/my_robot_bringup) by extension 'colcon_meta'
[0.264s] Level 1:colcon.colcon_core.package_identification:_identify(/home/praveen/ros2_bot/src/my_robot_bringup) by extensions ['ros']
[0.264s] Level 1:colcon.colcon_core.package_identification:_identify(/home/praveen/ros2_bot/src/my_robot_bringup) by extension 'ros'
[0.266s] DEBUG:colcon.colcon_core.package_identification:Package '/home/praveen/ros2_bot/src/my_robot_bringup' with type 'ros.ament_cmake' and name 'my_robot_bringup'
[0.266s] Level 1:colcon.colcon_core.package_identification:_identify(/home/praveen/ros2_bot/src/my_robot_description) by extensions ['ignore', 'ignore_ament_install']
[0.266s] Level 1:colcon.colcon_core.package_identification:_identify(/home/praveen/ros2_bot/src/my_robot_description) by extension 'ignore'
[0.266s] Level 1:colcon.colcon_core.package_identification:_identify(/home/praveen/ros2_bot/src/my_robot_description) by extension 'ignore_ament_install'
[0.266s] Level 1:colcon.colcon_core.package_identification:_identify(/home/praveen/ros2_bot/src/my_robot_description) by extensions ['colcon_pkg']
[0.266s] Level 1:colcon.colcon_core.package_identification:_identify(/home/praveen/ros2_bot/src/my_robot_description) by extension 'colcon_pkg'
[0.266s] Level 1:colcon.colcon_core.package_identification:_identify(/home/praveen/ros2_bot/src/my_robot_description) by extensions ['colcon_meta']
[0.266s] Level 1:colcon.colcon_core.package_identification:_identify(/home/praveen/ros2_bot/src/my_robot_description) by extension 'colcon_meta'
[0.267s] Level 1:colcon.colcon_core.package_identification:_identify(/home/praveen/ros2_bot/src/my_robot_description) by extensions ['ros']
[0.267s] Level 1:colcon.colcon_core.package_identification:_identify(/home/praveen/ros2_bot/src/my_robot_description) by extension 'ros'
[0.267s] DEBUG:colcon.colcon_core.package_identification:Package '/home/praveen/ros2_bot/src/my_robot_description' with type 'ros.ament_cmake' and name 'my_robot_description'
[0.267s] Level 1:colcon.colcon_core.package_discovery:discover_packages(recursive) using defaults
