[0.012s] Invoking command in '/home/praveen/ros2_bot/build/my_robot_bringup': CMAKE_PREFIX_PATH=/home/praveen/ros2_bot/install/my_robot_description:/home/praveen/ros2_bot/install/my_robot_bringup:/home/praveen/turtlesim_project/install/bring_up:/home/praveen/turtlesim_project/install/my_turtle_interface:/home/praveen/turtlesim_project/install/turtle_catch_them_all:/opt/ros/humble /usr/bin/cmake --build /home/praveen/ros2_bot/build/my_robot_bringup -- -j12 -l12
[0.050s] Invoked command in '/home/praveen/ros2_bot/build/my_robot_bringup' returned '0': CMAKE_PREFIX_PATH=/home/praveen/ros2_bot/install/my_robot_description:/home/praveen/ros2_bot/install/my_robot_bringup:/home/praveen/turtlesim_project/install/bring_up:/home/praveen/turtlesim_project/install/my_turtle_interface:/home/praveen/turtlesim_project/install/turtle_catch_them_all:/opt/ros/humble /usr/bin/cmake --build /home/praveen/ros2_bot/build/my_robot_bringup -- -j12 -l12
[0.072s] Invoking command in '/home/praveen/ros2_bot/build/my_robot_bringup': CMAKE_PREFIX_PATH=/home/praveen/ros2_bot/install/my_robot_description:/home/praveen/ros2_bot/install/my_robot_bringup:/home/praveen/turtlesim_project/install/bring_up:/home/praveen/turtlesim_project/install/my_turtle_interface:/home/praveen/turtlesim_project/install/turtle_catch_them_all:/opt/ros/humble /usr/bin/cmake --install /home/praveen/ros2_bot/build/my_robot_bringup
[0.079s] -- Install configuration: ""
[0.079s] -- Execute custom install script
[0.080s] -- Up-to-date symlink: /home/praveen/ros2_bot/install/my_robot_bringup/share/my_robot_bringup/launch/my_robot_gazebo.launch.xml
[0.080s] -- Up-to-date symlink: /home/praveen/ros2_bot/install/my_robot_bringup/share/ament_index/resource_index/package_run_dependencies/my_robot_bringup
[0.080s] -- Up-to-date symlink: /home/praveen/ros2_bot/install/my_robot_bringup/share/ament_index/resource_index/parent_prefix_path/my_robot_bringup
[0.080s] -- Up-to-date symlink: /home/praveen/ros2_bot/install/my_robot_bringup/share/my_robot_bringup/environment/ament_prefix_path.sh
[0.080s] -- Up-to-date symlink: /home/praveen/ros2_bot/install/my_robot_bringup/share/my_robot_bringup/environment/ament_prefix_path.dsv
[0.080s] -- Up-to-date symlink: /home/praveen/ros2_bot/install/my_robot_bringup/share/my_robot_bringup/environment/path.sh
[0.081s] -- Up-to-date symlink: /home/praveen/ros2_bot/install/my_robot_bringup/share/my_robot_bringup/environment/path.dsv
[0.081s] -- Up-to-date symlink: /home/praveen/ros2_bot/install/my_robot_bringup/share/my_robot_bringup/local_setup.bash
[0.081s] -- Up-to-date symlink: /home/praveen/ros2_bot/install/my_robot_bringup/share/my_robot_bringup/local_setup.sh
[0.081s] -- Up-to-date symlink: /home/praveen/ros2_bot/install/my_robot_bringup/share/my_robot_bringup/local_setup.zsh
[0.081s] -- Up-to-date symlink: /home/praveen/ros2_bot/install/my_robot_bringup/share/my_robot_bringup/local_setup.dsv
[0.081s] -- Symlinking: /home/praveen/ros2_bot/install/my_robot_bringup/share/my_robot_bringup/package.dsv
[0.091s] -- Up-to-date symlink: /home/praveen/ros2_bot/install/my_robot_bringup/share/ament_index/resource_index/packages/my_robot_bringup
[0.091s] -- Up-to-date symlink: /home/praveen/ros2_bot/install/my_robot_bringup/share/my_robot_bringup/cmake/my_robot_bringupConfig.cmake
[0.091s] -- Up-to-date symlink: /home/praveen/ros2_bot/install/my_robot_bringup/share/my_robot_bringup/cmake/my_robot_bringupConfig-version.cmake
[0.091s] -- Up-to-date symlink: /home/praveen/ros2_bot/install/my_robot_bringup/share/my_robot_bringup/package.xml
[0.093s] Invoked command in '/home/praveen/ros2_bot/build/my_robot_bringup' returned '0': CMAKE_PREFIX_PATH=/home/praveen/ros2_bot/install/my_robot_description:/home/praveen/ros2_bot/install/my_robot_bringup:/home/praveen/turtlesim_project/install/bring_up:/home/praveen/turtlesim_project/install/my_turtle_interface:/home/praveen/turtlesim_project/install/turtle_catch_them_all:/opt/ros/humble /usr/bin/cmake --install /home/praveen/ros2_bot/build/my_robot_bringup
