[0.010s] Invoking command in '/home/praveen/ros2_bot/build/my_robot_description': CMAKE_PREFIX_PATH=${CMAKE_PREFIX_PATH}:/home/praveen/turtlesim_project/install/turtle_catch_them_all:/opt/ros/humble /usr/bin/cmake /home/praveen/ros2_bot/src/my_robot_description -DAMENT_CMAKE_SYMLINK_INSTALL=1 -DCMAKE_INSTALL_PREFIX=/home/praveen/ros2_bot/install/my_robot_description
[0.029s] -- Found ament_cmake: 1.3.9 (/opt/ros/humble/share/ament_cmake/cmake)
[0.128s] -- Override CMake install command with custom implementation using symlinks instead of copying resources
[0.193s] -- Configuring done
[0.197s] -- Generating done
[0.198s] -- Build files have been written to: /home/praveen/ros2_bot/build/my_robot_description
[0.201s] Invoked command in '/home/praveen/ros2_bot/build/my_robot_description' returned '0': CMAKE_PREFIX_PATH=${CMAKE_PREFIX_PATH}:/home/praveen/turtlesim_project/install/turtle_catch_them_all:/opt/ros/humble /usr/bin/cmake /home/praveen/ros2_bot/src/my_robot_description -DAMENT_CMAKE_SYMLINK_INSTALL=1 -DCMAKE_INSTALL_PREFIX=/home/praveen/ros2_bot/install/my_robot_description
[0.202s] Invoking command in '/home/praveen/ros2_bot/build/my_robot_description': CMAKE_PREFIX_PATH=${CMAKE_PREFIX_PATH}:/home/praveen/turtlesim_project/install/turtle_catch_them_all:/opt/ros/humble /usr/bin/cmake --build /home/praveen/ros2_bot/build/my_robot_description -- -j12 -l12
[0.239s] Invoked command in '/home/praveen/ros2_bot/build/my_robot_description' returned '0': CMAKE_PREFIX_PATH=${CMAKE_PREFIX_PATH}:/home/praveen/turtlesim_project/install/turtle_catch_them_all:/opt/ros/humble /usr/bin/cmake --build /home/praveen/ros2_bot/build/my_robot_description -- -j12 -l12
[0.270s] Invoking command in '/home/praveen/ros2_bot/build/my_robot_description': CMAKE_PREFIX_PATH=${CMAKE_PREFIX_PATH}:/home/praveen/turtlesim_project/install/turtle_catch_them_all:/opt/ros/humble /usr/bin/cmake --install /home/praveen/ros2_bot/build/my_robot_description
[0.277s] -- Install configuration: ""
[0.277s] -- Execute custom install script
[0.278s] -- Symlinking: /home/praveen/ros2_bot/install/my_robot_description/share/my_robot_description/urdf/my_robot_urdf.urdf
[0.287s] -- Symlinking: /home/praveen/ros2_bot/install/my_robot_description/share/my_robot_description/launch/display.launch.xml
[0.295s] -- Symlinking: /home/praveen/ros2_bot/install/my_robot_description/share/ament_index/resource_index/package_run_dependencies/my_robot_description
[0.304s] -- Symlinking: /home/praveen/ros2_bot/install/my_robot_description/share/ament_index/resource_index/parent_prefix_path/my_robot_description
[0.313s] -- Symlinking: /home/praveen/ros2_bot/install/my_robot_description/share/my_robot_description/environment/ament_prefix_path.sh
[0.321s] -- Symlinking: /home/praveen/ros2_bot/install/my_robot_description/share/my_robot_description/environment/ament_prefix_path.dsv
[0.329s] -- Symlinking: /home/praveen/ros2_bot/install/my_robot_description/share/my_robot_description/environment/path.sh
[0.338s] -- Symlinking: /home/praveen/ros2_bot/install/my_robot_description/share/my_robot_description/environment/path.dsv
[0.347s] -- Symlinking: /home/praveen/ros2_bot/install/my_robot_description/share/my_robot_description/local_setup.bash
[0.355s] -- Symlinking: /home/praveen/ros2_bot/install/my_robot_description/share/my_robot_description/local_setup.sh
[0.363s] -- Symlinking: /home/praveen/ros2_bot/install/my_robot_description/share/my_robot_description/local_setup.zsh
[0.371s] -- Symlinking: /home/praveen/ros2_bot/install/my_robot_description/share/my_robot_description/local_setup.dsv
[0.379s] -- Symlinking: /home/praveen/ros2_bot/install/my_robot_description/share/my_robot_description/package.dsv
[0.387s] -- Symlinking: /home/praveen/ros2_bot/install/my_robot_description/share/ament_index/resource_index/packages/my_robot_description
[0.396s] -- Symlinking: /home/praveen/ros2_bot/install/my_robot_description/share/my_robot_description/cmake/my_robot_descriptionConfig.cmake
[0.404s] -- Symlinking: /home/praveen/ros2_bot/install/my_robot_description/share/my_robot_description/cmake/my_robot_descriptionConfig-version.cmake
[0.413s] -- Symlinking: /home/praveen/ros2_bot/install/my_robot_description/share/my_robot_description/package.xml
[0.423s] Invoked command in '/home/praveen/ros2_bot/build/my_robot_description' returned '0': CMAKE_PREFIX_PATH=${CMAKE_PREFIX_PATH}:/home/praveen/turtlesim_project/install/turtle_catch_them_all:/opt/ros/humble /usr/bin/cmake --install /home/praveen/ros2_bot/build/my_robot_description
