[0.021s] Invoking command in '/home/praveen/ros2_bot/build/my_robot_bringup': CMAKE_PREFIX_PATH=${CMAKE_PREFIX_PATH}:/home/praveen/turtlesim_project/install/turtle_catch_them_all:/opt/ros/humble /usr/bin/cmake /home/praveen/ros2_bot/src/my_robot_bringup -DAMENT_CMAKE_SYMLINK_INSTALL=1 -DCMAKE_INSTALL_PREFIX=/home/praveen/ros2_bot/install/my_robot_bringup
[0.098s] -- The C compiler identification is GNU 11.4.0
[0.163s] -- The CXX compiler identification is GNU 11.4.0
[0.173s] -- Detecting C compiler ABI info
[0.246s] -- Detecting C compiler ABI info - done
[0.251s] -- Check for working C compiler: /usr/bin/cc - skipped
[0.252s] -- Detecting C compile features
[0.252s] -- Detecting C compile features - done
[0.255s] -- Detecting CXX compiler ABI info
[0.337s] -- Detecting CXX compiler ABI info - done
[0.343s] -- Check for working CXX compiler: /usr/bin/c++ - skipped
[0.343s] -- Detecting CXX compile features
[0.343s] -- Detecting CXX compile features - done
[0.346s] -- Found ament_cmake: 1.3.9 (/opt/ros/humble/share/ament_cmake/cmake)
[0.475s] -- Found Python3: /usr/bin/python3 (found version "3.10.12") found components: Interpreter 
[0.527s] -- Override CMake install command with custom implementation using symlinks instead of copying resources
[0.612s] -- Configuring done
[0.615s] -- Generating done
[0.615s] -- Build files have been written to: /home/praveen/ros2_bot/build/my_robot_bringup
[0.620s] Invoked command in '/home/praveen/ros2_bot/build/my_robot_bringup' returned '0': CMAKE_PREFIX_PATH=${CMAKE_PREFIX_PATH}:/home/praveen/turtlesim_project/install/turtle_catch_them_all:/opt/ros/humble /usr/bin/cmake /home/praveen/ros2_bot/src/my_robot_bringup -DAMENT_CMAKE_SYMLINK_INSTALL=1 -DCMAKE_INSTALL_PREFIX=/home/praveen/ros2_bot/install/my_robot_bringup
[0.622s] Invoking command in '/home/praveen/ros2_bot/build/my_robot_bringup': CMAKE_PREFIX_PATH=${CMAKE_PREFIX_PATH}:/home/praveen/turtlesim_project/install/turtle_catch_them_all:/opt/ros/humble /usr/bin/cmake --build /home/praveen/ros2_bot/build/my_robot_bringup -- -j12 -l12
[0.665s] Invoked command in '/home/praveen/ros2_bot/build/my_robot_bringup' returned '0': CMAKE_PREFIX_PATH=${CMAKE_PREFIX_PATH}:/home/praveen/turtlesim_project/install/turtle_catch_them_all:/opt/ros/humble /usr/bin/cmake --build /home/praveen/ros2_bot/build/my_robot_bringup -- -j12 -l12
[0.691s] Invoking command in '/home/praveen/ros2_bot/build/my_robot_bringup': CMAKE_PREFIX_PATH=${CMAKE_PREFIX_PATH}:/home/praveen/turtlesim_project/install/turtle_catch_them_all:/opt/ros/humble /usr/bin/cmake --install /home/praveen/ros2_bot/build/my_robot_bringup
[0.700s] -- Install configuration: ""
[0.700s] -- Execute custom install script
[0.701s] -- Symlinking: /home/praveen/ros2_bot/install/my_robot_bringup/share/my_robot_bringup/launch/my_robot_gazebo.launch.xml
[0.711s] -- Symlinking: /home/praveen/ros2_bot/install/my_robot_bringup/share/ament_index/resource_index/package_run_dependencies/my_robot_bringup
[0.720s] -- Symlinking: /home/praveen/ros2_bot/install/my_robot_bringup/share/ament_index/resource_index/parent_prefix_path/my_robot_bringup
[0.729s] -- Symlinking: /home/praveen/ros2_bot/install/my_robot_bringup/share/my_robot_bringup/environment/ament_prefix_path.sh
[0.738s] -- Symlinking: /home/praveen/ros2_bot/install/my_robot_bringup/share/my_robot_bringup/environment/ament_prefix_path.dsv
[0.749s] -- Symlinking: /home/praveen/ros2_bot/install/my_robot_bringup/share/my_robot_bringup/environment/path.sh
[0.760s] -- Symlinking: /home/praveen/ros2_bot/install/my_robot_bringup/share/my_robot_bringup/environment/path.dsv
[0.770s] -- Symlinking: /home/praveen/ros2_bot/install/my_robot_bringup/share/my_robot_bringup/local_setup.bash
[0.779s] -- Symlinking: /home/praveen/ros2_bot/install/my_robot_bringup/share/my_robot_bringup/local_setup.sh
[0.788s] -- Symlinking: /home/praveen/ros2_bot/install/my_robot_bringup/share/my_robot_bringup/local_setup.zsh
[0.796s] -- Symlinking: /home/praveen/ros2_bot/install/my_robot_bringup/share/my_robot_bringup/local_setup.dsv
[0.805s] -- Symlinking: /home/praveen/ros2_bot/install/my_robot_bringup/share/my_robot_bringup/package.dsv
[0.814s] -- Symlinking: /home/praveen/ros2_bot/install/my_robot_bringup/share/ament_index/resource_index/packages/my_robot_bringup
[0.822s] -- Symlinking: /home/praveen/ros2_bot/install/my_robot_bringup/share/my_robot_bringup/cmake/my_robot_bringupConfig.cmake
[0.831s] -- Symlinking: /home/praveen/ros2_bot/install/my_robot_bringup/share/my_robot_bringup/cmake/my_robot_bringupConfig-version.cmake
[0.840s] -- Symlinking: /home/praveen/ros2_bot/install/my_robot_bringup/share/my_robot_bringup/package.xml
[0.852s] Invoked command in '/home/praveen/ros2_bot/build/my_robot_bringup' returned '0': CMAKE_PREFIX_PATH=${CMAKE_PREFIX_PATH}:/home/praveen/turtlesim_project/install/turtle_catch_them_all:/opt/ros/humble /usr/bin/cmake --install /home/praveen/ros2_bot/build/my_robot_bringup
